["bugpoint-crash-unconstrained", "oss_fuzz/5811599804858368.ll", "b27856ca40ceeb055d9888b3d693b8aa6157d490.ll"]
["llvm-reduce-crash-unconstrained", "oss_fuzz/5811599804858368.ll", "19624122d401114cad66d69fb0e065697d6c26c8.ll"]
["bugpoint-crash-unconstrained", "oss_fuzz/5109216548749312.ll", "d38dd90a35c0268a250fdac267356bd39fbe4539.ll"]
["bugpoint-crash-unconstrained", "oss_fuzz/6601850292797440.ll", "4a3c79400a31f915a54457fa398a05bd4cd29ef4.ll"]
["llvm-reduce-crash-unconstrained", "oss_fuzz/6601850292797440.ll", "dff9ea4a7a0713d0226414fdfec44031e49308eb.ll"]
["opt-analysis-isolate-crash-unconstrained", "oss_fuzz/6601850292797440.ll", "746dafe166b6f15c11a80e2f6c6120b38a081fa4.ll"]
["llvm-reduce-crash-unconstrained", "oss_fuzz/6572563900661760.ll", "52a80ecf0e74eafdf433bce2a70422b6be039bd2.ll"]
["bugpoint-crash-unconstrained", "oss_fuzz/6279494232440832.ll", "08f6f817a092445552fdb16b96f86903fd946d26.ll"]
["llvm-reduce-crash-unconstrained", "oss_fuzz/6279494232440832.ll", "d020abbc01c962d07c30dc87b3fa021c6f3630e9.ll"]
["bugpoint-crash-unconstrained", "oss_fuzz/5701534861754368.ll", "75ec9bef7e0f27c35386581d030a7a02cd8f4893.ll"]
["llvm-reduce-crash-unconstrained", "oss_fuzz/5701534861754368.ll", "aed26d5fcf3d3264bf90f562c9edd8f0b75600ad.ll"]
["creduce-crash-unconstrained", "llvm-bugs/pr52252.cpp", "663b27ee7d2a35b394c774a3d4025f462fb81aab.cpp"]
["creduce-crash-unconstrained", "llvm-bugs/pr52422.cc", "f4a326ea7a393cae2e57c485037a370a5ae413f7.cc"]
["bugpoint-crash-unconstrained", "19624122d401114cad66d69fb0e065697d6c26c8.ll", "a7eca9ba232a8e50c15a548a6ccf88b4fb151a66.ll"]
["llvm-reduce-crash-unconstrained", "19624122d401114cad66d69fb0e065697d6c26c8.ll", "59f8875ce9c77c24154eb64ffde4df0c34692cf7.ll"]
["bugpoint-crash-unconstrained", "746dafe166b6f15c11a80e2f6c6120b38a081fa4.ll", "d660a51b79ab06c5e4a8e0fe21bfaa5625596bf0.ll"]
["llvm-reduce-crash-unconstrained", "746dafe166b6f15c11a80e2f6c6120b38a081fa4.ll", "eb2ef2cda4f3236e2dfc88bdf789eec1500a9914.ll"]
["llvm-reduce-crash-unconstrained", "4a3c79400a31f915a54457fa398a05bd4cd29ef4.ll", "dc1e244ed1587bfac4e52c899397fd29b2de71a1.ll"]
["bugpoint-crash-unconstrained", "d020abbc01c962d07c30dc87b3fa021c6f3630e9.ll", "f905736ffedf34ef108637a953e3f079f354914e.ll"]
["bugpoint-crash-unconstrained", "aed26d5fcf3d3264bf90f562c9edd8f0b75600ad.ll", "d6be530e1fd485c628209aa760e473b750a6c4e4.ll"]
["llvm-reduce-crash-unconstrained", "aed26d5fcf3d3264bf90f562c9edd8f0b75600ad.ll", "511b136b706a60efe158421d7e75cfcac576a79c.ll"]
["bugpoint-crash-unconstrained", "dff9ea4a7a0713d0226414fdfec44031e49308eb.ll", "ed40ca21b7b66001c85d1daf95231b921380f63e.ll"]
["bugpoint-crash-unconstrained", "b27856ca40ceeb055d9888b3d693b8aa6157d490.ll", "64de9d3137aec14e3ac0334ca6d8236c1ec49c42.ll"]
["llvm-reduce-crash-unconstrained", "b27856ca40ceeb055d9888b3d693b8aa6157d490.ll", "bf1844cef5333a1b0663740521c2308635376730.ll"]
["llvm-reduce-crash-unconstrained", "08f6f817a092445552fdb16b96f86903fd946d26.ll", "5b547cd4d0073df269fc864ad1edcdfa2b7574c6.ll"]
["llvm-reduce-crash-unconstrained", "d38dd90a35c0268a250fdac267356bd39fbe4539.ll", "80fdff512d738ce1cc15189976b1b82a1451977f.ll"]
["llvm-reduce-crash-unconstrained", "a7eca9ba232a8e50c15a548a6ccf88b4fb151a66.ll", "c8d41264f2c02e7469c0ee579f385bfb2f87c155.ll"]
["opt-analysis-isolate-crash-unconstrained", "dc1e244ed1587bfac4e52c899397fd29b2de71a1.ll", "b0df93516161bd3dd87a5867151b899988979336.ll"]
["opt-analysis-isolate-crash-unconstrained", "ed40ca21b7b66001c85d1daf95231b921380f63e.ll", "237fc008f2be73e345f848957e378bd02fc06f68.ll"]
["llvm-reduce-crash-unconstrained", "64de9d3137aec14e3ac0334ca6d8236c1ec49c42.ll", "071ac9d80fc6fb3056dccbff83afe591b54a9fd4.ll"]
["bugpoint-crash-unconstrained", "bf1844cef5333a1b0663740521c2308635376730.ll", "80bdb17ae6441baeb5b19f3b5936a61e1b8603c5.ll"]
["llvm-reduce-crash-unconstrained", "bf1844cef5333a1b0663740521c2308635376730.ll", "0681daec01f76d54efae95d1688523824fd64b75.ll"]
["bugpoint-crash-unconstrained", "80fdff512d738ce1cc15189976b1b82a1451977f.ll", "f1c8e6e64e45adf52ca9fab972f062c963eea243.ll"]
